<?xml version="1.0" encoding="UTF-8"?>
<testsuite name="app.DatabaseTestService" tests="1" skipped="0" failures="0" errors="0" timestamp="2023-11-16T15:43:10" hostname="DESKTOP-7GLLVO8" time="0.279">
  <properties/>
  <testcase name="testDatabaseConnection()" classname="app.DatabaseTestService" time="0.279"/>
  <system-out><![CDATA[10:43:07.383 [Test worker] DEBUG org.springframework.boot.test.context.SpringBootTestContextBootstrapper - Neither @ContextConfiguration nor @ContextHierarchy found for test class [DatabaseTestService]: using SpringBootContextLoader
10:43:07.387 [Test worker] DEBUG org.springframework.test.context.support.AbstractContextLoader - Could not detect default resource locations for test class [app.DatabaseTestService]: no resource found for suffixes {-context.xml, Context.groovy}.
10:43:07.388 [Test worker] INFO org.springframework.test.context.support.AnnotationConfigContextLoaderUtils - Could not detect default configuration classes for test class [app.DatabaseTestService]: DatabaseTestService does not declare any static, non-private, non-final, nested classes annotated with @Configuration.
10:43:07.408 [Test worker] DEBUG org.springframework.boot.test.context.SpringBootTestContextBootstrapper - Using ContextCustomizers for test class [DatabaseTestService]: [DisableObservabilityContextCustomizer, PropertyMappingContextCustomizer, Customizer, ExcludeFilterContextCustomizer, DuplicateJsonObjectContextCustomizer, MockitoContextCustomizer, TestRestTemplateContextCustomizer]
10:43:07.462 [Test worker] DEBUG org.springframework.context.annotation.ClassPathScanningCandidateComponentProvider - Identified candidate component class: file [C:\Users\user\Documents\EmpresaTurismoBackend\build\classes\java\main\app\Application.class]
10:43:07.463 [Test worker] INFO org.springframework.boot.test.context.SpringBootTestContextBootstrapper - Found @SpringBootConfiguration app.Application for test class app.DatabaseTestService
10:43:07.560 [Test worker] DEBUG org.springframework.boot.test.context.SpringBootTestContextBootstrapper - Using TestExecutionListeners for test class [DatabaseTestService]: [ServletTestExecutionListener, DirtiesContextBeforeModesTestExecutionListener, ApplicationEventsTestExecutionListener, MockitoTestExecutionListener, DependencyInjectionTestExecutionListener, DirtiesContextTestExecutionListener, TransactionalTestExecutionListener, SqlScriptsTestExecutionListener, EventPublishingTestExecutionListener, RestDocsTestExecutionListener, MockRestServiceServerResetTestExecutionListener, MockMvcPrintOnlyOnFailureTestExecutionListener, WebDriverTestExecutionListener, MockWebServiceServerTestExecutionListener, ResetMocksTestExecutionListener]
10:43:07.561 [Test worker] DEBUG org.springframework.test.context.support.AbstractDirtiesContextTestExecutionListener - Before test class: class [DatabaseTestService], class annotated with @DirtiesContext [false] with mode [null]

  .   ____          _            __ _ _
 /\\ / ___'_ __ _ _(_)_ __  __ _ \ \ \ \
( ( )\___ | '_ | '_| | '_ \/ _` | \ \ \ \
 \\/  ___)| |_)| | | | | || (_| |  ) ) ) )
  '  |____| .__|_| |_|_| |_\__, | / / / /
 =========|_|==============|___/=/_/_/_/
 :: Spring Boot ::                (v3.0.1)

2023-11-16T10:43:07.785-05:00  INFO 15328 --- [    Test worker] app.DatabaseTestService                  : Starting DatabaseTestService using Java 17.0.6 with PID 15328 (started by user in C:\Users\user\Documents\EmpresaTurismoBackend)
2023-11-16T10:43:07.786-05:00  INFO 15328 --- [    Test worker] app.DatabaseTestService                  : No active profile set, falling back to 1 default profile: "default"
2023-11-16T10:43:08.283-05:00  INFO 15328 --- [    Test worker] .s.d.r.c.RepositoryConfigurationDelegate : Bootstrapping Spring Data JPA repositories in DEFAULT mode.
2023-11-16T10:43:08.297-05:00  INFO 15328 --- [    Test worker] .s.d.r.c.RepositoryConfigurationDelegate : Finished Spring Data repository scanning in 9 ms. Found 0 JPA repository interfaces.
2023-11-16T10:43:08.680-05:00  INFO 15328 --- [    Test worker] o.hibernate.jpa.internal.util.LogHelper  : HHH000204: Processing PersistenceUnitInfo [name: default]
2023-11-16T10:43:08.721-05:00  INFO 15328 --- [    Test worker] org.hibernate.Version                    : HHH000412: Hibernate ORM core version 6.1.6.Final
2023-11-16T10:43:08.866-05:00  WARN 15328 --- [    Test worker] org.hibernate.orm.deprecation            : HHH90000021: Encountered deprecated setting [javax.persistence.sharedCache.mode], use [jakarta.persistence.sharedCache.mode] instead
2023-11-16T10:43:08.972-05:00  INFO 15328 --- [    Test worker] com.zaxxer.hikari.HikariDataSource       : HikariPool-1 - Starting...
2023-11-16T10:43:09.186-05:00  INFO 15328 --- [    Test worker] com.zaxxer.hikari.pool.HikariPool        : HikariPool-1 - Added connection oracle.jdbc.driver.T4CConnection@6a5dd083
2023-11-16T10:43:09.188-05:00  INFO 15328 --- [    Test worker] com.zaxxer.hikari.HikariDataSource       : HikariPool-1 - Start completed.
2023-11-16T10:43:09.214-05:00  INFO 15328 --- [    Test worker] SQL dialect                              : HHH000400: Using dialect: org.hibernate.dialect.OracleDialect
2023-11-16T10:43:09.573-05:00  INFO 15328 --- [    Test worker] o.h.e.t.j.p.i.JtaPlatformInitiator       : HHH000490: Using JtaPlatform implementation: [org.hibernate.engine.transaction.jta.platform.internal.NoJtaPlatform]
2023-11-16T10:43:09.583-05:00  INFO 15328 --- [    Test worker] j.LocalContainerEntityManagerFactoryBean : Initialized JPA EntityManagerFactory for persistence unit 'default'
2023-11-16T10:43:09.707-05:00  WARN 15328 --- [    Test worker] JpaBaseConfiguration$JpaWebConfiguration : spring.jpa.open-in-view is enabled by default. Therefore, database queries may be performed during view rendering. Explicitly configure spring.jpa.open-in-view to disable this warning
2023-11-16T10:43:10.011-05:00  INFO 15328 --- [    Test worker] app.DatabaseTestService                  : Started DatabaseTestService in 2.415 seconds (process running for 3.385)
Query SQL: SELECT COUNT(*) FROM CLIENTE
NÃºmero de usuarios: 25
]]></system-out>
  <system-err><![CDATA[]]></system-err>
</testsuite>
